#
# There is insufficient memory for the Java Runtime Environment to continue.
# Native memory allocation (malloc) failed to allocate 33824 bytes for Chunk::new
# Possible reasons:
#   The system is out of physical RAM or swap space
#   The process is running with CompressedOops enabled, and the Java Heap may be blocking the growth of the native heap
# Possible solutions:
#   Reduce memory load on the system
#   Increase physical memory or swap space
#   Check if swap backing store is full
#   Decrease Java heap size (-Xmx/-Xms)
#   Decrease number of Java threads
#   Decrease Java thread stack sizes (-Xss)
#   Set larger code cache with -XX:ReservedCodeCacheSize=
#   JVM is running with Unscaled Compressed Oops mode in which the Java heap is
#     placed in the first 4GB address space. The Java Heap base address is the
#     maximum limit for the native heap growth. Please use -XX:HeapBaseMinAddress
#     to set the Java Heap base and to place the Java Heap above 4GB virtual address.
# This output file may be truncated or incomplete.
#
#  Out of Memory Error (arena.cpp:189), pid=4788, tid=304
#
# JRE version: Java(TM) SE Runtime Environment (17.0+35) (build 17+35-LTS-2724)
# Java VM: Java HotSpot(TM) 64-Bit Server VM (17+35-LTS-2724, mixed mode, sharing, tiered, compressed oops, compressed class ptrs, g1 gc, windows-amd64)
# No core dump will be written. Minidumps are not enabled by default on client versions of Windows
#

---------------  S U M M A R Y ------------

Command Line: -Dfile.encoding=Cp1252 --module-path=C:\Users\joaov\eclipse-workspace\APDS\Atividades\QuestaoCinema\bin -XX:+ShowCodeDetailsInExceptionMessages -Djdk.module.main=QuestaoCinema QuestaoCinema/apresentacao.Main

Host: Intel(R) Celeron(R) CPU N3350 @ 1.10GHz, 2 cores, 3G,  Windows 10 , 64 bit Build 19041 (10.0.19041.1202)
Time: Mon Nov  1 16:12:08 2021 Hora Padrão de Buenos Aires elapsed time: 0.832793 seconds (0d 0h 0m 0s)

---------------  T H R E A D  ---------------

Current thread (0x0000027a1e949f00):  JavaThread "main" [_thread_in_vm, id=304, stack(0x000000f347900000,0x000000f347a00000)]

Stack: [0x000000f347900000,0x000000f347a00000]
Native frames: (J=compiled Java code, j=interpreted, Vv=VM code, C=native code)
V  [jvm.dll+0x66f8ea]
V  [jvm.dll+0x7ce224]
V  [jvm.dll+0x7cf9ce]
V  [jvm.dll+0x7d0033]
V  [jvm.dll+0x242bb5]
V  [jvm.dll+0xaa05b]
V  [jvm.dll+0xaa5ec]
V  [jvm.dll+0x1efc8a]
V  [jvm.dll+0x1eea22]
V  [jvm.dll+0x7489cb]
V  [jvm.dll+0x749d72]
V  [jvm.dll+0x40f995]
C  [java.dll+0x1a55]

Java frames: (J=compiled Java code, j=interpreted, Vv=VM code)
j  java.lang.ClassLoader.findBootstrapClass(Ljava/lang/String;)Ljava/lang/Class;+0 java.base@17
j  java.lang.ClassLoader.findBootstrapClassOrNull(Ljava/lang/String;)Ljava/lang/Class;+10 java.base@17
j  java.lang.System$2.findBootstrapClassOrNull(Ljava/lang/String;)Ljava/lang/Class;+1 java.base@17
j  jdk.internal.loader.ClassLoaders$BootClassLoader.loadClassOrNull(Ljava/lang/String;Z)Ljava/lang/Class;+4 java.base@17
j  jdk.internal.loader.BuiltinClassLoader.loadClassOrNull(Ljava/lang/String;)Ljava/lang/Class;+3 java.base@17
j  jdk.internal.loader.BuiltinClassLoader.loadClassOrNull(Ljava/lang/String;Z)Ljava/lang/Class;+66 java.base@17
j  jdk.internal.loader.BuiltinClassLoader.loadClass(Ljava/lang/String;Z)Ljava/lang/Class;+3 java.base@17
j  jdk.internal.loader.ClassLoaders$AppClassLoader.loadClass(Ljava/lang/String;Z)Ljava/lang/Class;+36 java.base@17
j  java.lang.ClassLoader.loadClass(Ljava/lang/String;)Ljava/lang/Class;+3 java.base@17
v  ~StubRoutines::call_stub
j  apresentacao.Main.main([Ljava/lang/String;)V+13 QuestaoCinema
v  ~StubRoutines::call_stub

---------------  P R O C E S S  ---------------

Threads class SMR info:
_java_thread_list=0x0000027a3a05acf0, length=12, elements={
0x0000027a1e949f00, 0x0000027a1ea2d760, 0x0000027a395301d0, 0x0000027a39543c40,
0x0000027a39545710, 0x0000027a39547fe0, 0x0000027a395488a0, 0x0000027a3954a550,
0x0000027a395b76b0, 0x0000027a395bc380, 0x0000027a1ea19d30, 0x0000027a3a05af90
}

Java Threads: ( => current thread )
=>0x0000027a1e949f00 JavaThread "main" [_thread_in_vm, id=304, stack(0x000000f347900000,0x000000f347a00000)]
  0x0000027a1ea2d760 JavaThread "Reference Handler" daemon [_thread_blocked, id=1592, stack(0x000000f348000000,0x000000f348100000)]
  0x0000027a395301d0 JavaThread "Finalizer" daemon [_thread_blocked, id=10476, stack(0x000000f348100000,0x000000f348200000)]
  0x0000027a39543c40 JavaThread "Signal Dispatcher" daemon [_thread_blocked, id=10828, stack(0x000000f348200000,0x000000f348300000)]
  0x0000027a39545710 JavaThread "Attach Listener" daemon [_thread_blocked, id=6108, stack(0x000000f348300000,0x000000f348400000)]
  0x0000027a39547fe0 JavaThread "Service Thread" daemon [_thread_blocked, id=9396, stack(0x000000f348400000,0x000000f348500000)]
  0x0000027a395488a0 JavaThread "Monitor Deflation Thread" daemon [_thread_blocked, id=9204, stack(0x000000f348500000,0x000000f348600000)]
  0x0000027a3954a550 JavaThread "C2 CompilerThread0" daemon [_thread_blocked, id=10320, stack(0x000000f348600000,0x000000f348700000)]
  0x0000027a395b76b0 JavaThread "C1 CompilerThread0" daemon [_thread_blocked, id=10936, stack(0x000000f348700000,0x000000f348800000)]
  0x0000027a395bc380 JavaThread "Sweeper thread" daemon [_thread_blocked, id=4272, stack(0x000000f348800000,0x000000f348900000)]
  0x0000027a1ea19d30 JavaThread "Common-Cleaner" daemon [_thread_blocked, id=9564, stack(0x000000f348900000,0x000000f348a00000)]
  0x0000027a3a05af90 JavaThread "Notification Thread" daemon [_thread_blocked, id=6500, stack(0x000000f348a00000,0x000000f348b00000)]

Other Threads:
  0x0000027a1ea29c00 VMThread "VM Thread" [stack: 0x000000f347f00000,0x000000f348000000] [id=9664]
  0x0000027a3a409cd0 WatcherThread [stack: 0x000000f348b00000,0x000000f348c00000] [id=11156]
  0x0000027a1e978790 GCTaskThread "GC Thread#0" [stack: 0x000000f347a00000,0x000000f347b00000] [id=1596]
  0x0000027a1e982170 ConcurrentGCThread "G1 Main Marker" [stack: 0x000000f347b00000,0x000000f347c00000] [id=9144]
  0x0000027a1e983370 ConcurrentGCThread "G1 Conc#0" [stack: 0x000000f347c00000,0x000000f347d00000] [id=3060]
  0x0000027a1e9b7660 ConcurrentGCThread "G1 Refine#0" [stack: 0x000000f347d00000,0x000000f347e00000] [id=7800]
  0x0000027a1e9b8870 ConcurrentGCThread "G1 Service" [stack: 0x000000f347e00000,0x000000f347f00000] [id=6232]

Threads with active compile tasks:

VM state: not at safepoint (normal execution)

VM Mutex/Monitor currently owned by a thread: None

Heap address: 0x00000000c2400000, size: 988 MB, Compressed Oops mode: 32-bit

CDS archive(s) mapped at: [0x0000000800000000-0x0000000800bc0000-0x0000000800bc0000), size 12320768, SharedBaseAddress: 0x0000000800000000, ArchiveRelocationMode: 0.
Compressed class space mapped at: 0x0000000800c00000-0x0000000840c00000, reserved size: 1073741824
Narrow klass base: 0x0000000800000000, Narrow klass shift: 0, Narrow klass range: 0x100000000

GC Precious Log:
 CPUs: 2 total, 2 available
 Memory: 3945M
 Large Page Support: Disabled
 NUMA Support: Disabled
 Compressed Oops: Enabled (32-bit)
 Heap Region Size: 1M
 Heap Min Capacity: 8M
 Heap Initial Capacity: 62M
 Heap Max Capacity: 988M
 Pre-touch: Disabled
 Parallel Workers: 2
 Concurrent Workers: 1
 Concurrent Refinement Workers: 2
 Periodic GC: Disabled

Heap:
 garbage-first heap   total 63488K, used 1024K [0x00000000c2400000, 0x0000000100000000)
  region size 1024K, 2 young (2048K), 0 survivors (0K)
 Metaspace       used 564K, committed 704K, reserved 1056768K
  class space    used 49K, committed 128K, reserved 1048576K

Heap Regions: E=young(eden), S=young(survivor), O=old, HS=humongous(starts), HC=humongous(continues), CS=collection set, F=free, OA=open archive, CA=closed archive, TAMS=top-at-mark-start (previous, next)
|   0|0x00000000c2400000, 0x00000000c2400000, 0x00000000c2500000|  0%| F|  |TAMS 0x00000000c2400000, 0x00000000c2400000| Untracked 
|   1|0x00000000c2500000, 0x00000000c2500000, 0x00000000c2600000|  0%| F|  |TAMS 0x00000000c2500000, 0x00000000c2500000| Untracked 
|   2|0x00000000c2600000, 0x00000000c2600000, 0x00000000c2700000|  0%| F|  |TAMS 0x00000000c2600000, 0x00000000c2600000| Untracked 
|   3|0x00000000c2700000, 0x00000000c2700000, 0x00000000c2800000|  0%| F|  |TAMS 0x00000000c2700000, 0x00000000c2700000| Untracked 
|   4|0x00000000c2800000, 0x00000000c2800000, 0x00000000c2900000|  0%| F|  |TAMS 0x00000000c2800000, 0x00000000c2800000| Untracked 
|   5|0x00000000c2900000, 0x00000000c2900000, 0x00000000c2a00000|  0%| F|  |TAMS 0x00000000c2900000, 0x00000000c2900000| Untracked 
|   6|0x00000000c2a00000, 0x00000000c2a00000, 0x00000000c2b00000|  0%| F|  |TAMS 0x00000000c2a00000, 0x00000000c2a00000| Untracked 
|   7|0x00000000c2b00000, 0x00000000c2b00000, 0x00000000c2c00000|  0%| F|  |TAMS 0x00000000c2b00000, 0x00000000c2b00000| Untracked 
|   8|0x00000000c2c00000, 0x00000000c2c00000, 0x00000000c2d00000|  0%| F|  |TAMS 0x00000000c2c00000, 0x00000000c2c00000| Untracked 
|   9|0x00000000c2d00000, 0x00000000c2d00000, 0x00000000c2e00000|  0%| F|  |TAMS 0x00000000c2d00000, 0x00000000c2d00000| Untracked 
|  10|0x00000000c2e00000, 0x00000000c2e00000, 0x00000000c2f00000|  0%| F|  |TAMS 0x00000000c2e00000, 0x00000000c2e00000| Untracked 
|  11|0x00000000c2f00000, 0x00000000c2f00000, 0x00000000c3000000|  0%| F|  |TAMS 0x00000000c2f00000, 0x00000000c2f00000| Untracked 
|  12|0x00000000c3000000, 0x00000000c3000000, 0x00000000c3100000|  0%| F|  |TAMS 0x00000000c3000000, 0x00000000c3000000| Untracked 
|  13|0x00000000c3100000, 0x00000000c3100000, 0x00000000c3200000|  0%| F|  |TAMS 0x00000000c3100000, 0x00000000c3100000| Untracked 
|  14|0x00000000c3200000, 0x00000000c3200000, 0x00000000c3300000|  0%| F|  |TAMS 0x00000000c3200000, 0x00000000c3200000| Untracked 
|  15|0x00000000c3300000, 0x00000000c3300000, 0x00000000c3400000|  0%| F|  |TAMS 0x00000000c3300000, 0x00000000c3300000| Untracked 
|  16|0x00000000c3400000, 0x00000000c3400000, 0x00000000c3500000|  0%| F|  |TAMS 0x00000000c3400000, 0x00000000c3400000| Untracked 
|  17|0x00000000c3500000, 0x00000000c3500000, 0x00000000c3600000|  0%| F|  |TAMS 0x00000000c3500000, 0x00000000c3500000| Untracked 
|  18|0x00000000c3600000, 0x00000000c3600000, 0x00000000c3700000|  0%| F|  |TAMS 0x00000000c3600000, 0x00000000c3600000| Untracked 
|  19|0x00000000c3700000, 0x00000000c3700000, 0x00000000c3800000|  0%| F|  |TAMS 0x00000000c3700000, 0x00000000c3700000| Untracked 
|  20|0x00000000c3800000, 0x00000000c3800000, 0x00000000c3900000|  0%| F|  |TAMS 0x00000000c3800000, 0x00000000c3800000| Untracked 
|  21|0x00000000c3900000, 0x00000000c3900000, 0x00000000c3a00000|  0%| F|  |TAMS 0x00000000c3900000, 0x00000000c3900000| Untracked 
|  22|0x00000000c3a00000, 0x00000000c3a00000, 0x00000000c3b00000|  0%| F|  |TAMS 0x00000000c3a00000, 0x00000000c3a00000| Untracked 
|  23|0x00000000c3b00000, 0x00000000c3b00000, 0x00000000c3c00000|  0%| F|  |TAMS 0x00000000c3b00000, 0x00000000c3b00000| Untracked 
|  24|0x00000000c3c00000, 0x00000000c3c00000, 0x00000000c3d00000|  0%| F|  |TAMS 0x00000000c3c00000, 0x00000000c3c00000| Untracked 
|  25|0x00000000c3d00000, 0x00000000c3d00000, 0x00000000c3e00000|  0%| F|  |TAMS 0x00000000c3d00000, 0x00000000c3d00000| Untracked 
|  26|0x00000000c3e00000, 0x00000000c3e00000, 0x00000000c3f00000|  0%| F|  |TAMS 0x00000000c3e00000, 0x00000000c3e00000| Untracked 
|  27|0x00000000c3f00000, 0x00000000c3f00000, 0x00000000c4000000|  0%| F|  |TAMS 0x00000000c3f00000, 0x00000000c3f00000| Untracked 
|  28|0x00000000c4000000, 0x00000000c4000000, 0x00000000c4100000|  0%| F|  |TAMS 0x00000000c4000000, 0x00000000c4000000| Untracked 
|  29|0x00000000c4100000, 0x00000000c4100000, 0x00000000c4200000|  0%| F|  |TAMS 0x00000000c4100000, 0x00000000c4100000| Untracked 
|  30|0x00000000c4200000, 0x00000000c4200000, 0x00000000c4300000|  0%| F|  |TAMS 0x00000000c4200000, 0x00000000c4200000| Untracked 
|  31|0x00000000c4300000, 0x00000000c4300000, 0x00000000c4400000|  0%| F|  |TAMS 0x00000000c4300000, 0x00000000c4300000| Untracked 
|  32|0x00000000c4400000, 0x00000000c4400000, 0x00000000c4500000|  0%| F|  |TAMS 0x00000000c4400000, 0x00000000c4400000| Untracked 
|  33|0x00000000c4500000, 0x00000000c4500000, 0x00000000c4600000|  0%| F|  |TAMS 0x00000000c4500000, 0x00000000c4500000| Untracked 
|  34|0x00000000c4600000, 0x00000000c4600000, 0x00000000c4700000|  0%| F|  |TAMS 0x00000000c4600000, 0x00000000c4600000| Untracked 
|  35|0x00000000c4700000, 0x00000000c4700000, 0x00000000c4800000|  0%| F|  |TAMS 0x00000000c4700000, 0x00000000c4700000| Untracked 
|  36|0x00000000c4800000, 0x00000000c4800000, 0x00000000c4900000|  0%| F|  |TAMS 0x00000000c4800000, 0x00000000c4800000| Untracked 
|  37|0x00000000c4900000, 0x00000000c4900000, 0x00000000c4a00000|  0%| F|  |TAMS 0x00000000c4900000, 0x00000000c4900000| Untracked 
|  38|0x00000000c4a00000, 0x00000000c4a00000, 0x00000000c4b00000|  0%| F|  |TAMS 0x00000000c4a00000, 0x00000000c4a00000| Untracked 
|  39|0x00000000c4b00000, 0x00000000c4b00000, 0x00000000c4c00000|  0%| F|  |TAMS 0x00000000c4b00000, 0x00000000c4b00000| Untracked 
|  40|0x00000000c4c00000, 0x00000000c4c00000, 0x00000000c4d00000|  0%| F|  |TAMS 0x00000000c4c00000, 0x00000000c4c00000| Untracked 
|  41|0x00000000c4d00000, 0x00000000c4d00000, 0x00000000c4e00000|  0%| F|  |TAMS 0x00000000c4d00000, 0x00000000c4d00000| Untracked 
|  42|0x00000000c4e00000, 0x00000000c4e00000, 0x00000000c4f00000|  0%| F|  |TAMS 0x00000000c4e00000, 0x00000000c4e00000| Untracked 
|  43|0x00000000c4f00000, 0x00000000c4f00000, 0x00000000c5000000|  0%| F|  |TAMS 0x00000000c4f00000, 0x00000000c4f00000| Untracked 
|  44|0x00000000c5000000, 0x00000000c5000000, 0x00000000c5100000|  0%| F|  |TAMS 0x00000000c5000000, 0x00000000c5000000| Untracked 
|  45|0x00000000c5100000, 0x00000000c5100000, 0x00000000c5200000|  0%| F|  |TAMS 0x00000000c5100000, 0x00000000c5100000| Untracked 
|  46|0x00000000c5200000, 0x00000000c5200000, 0x00000000c5300000|  0%| F|  |TAMS 0x00000000c5200000, 0x00000000c5200000| Untracked 
|  47|0x00000000c5300000, 0x00000000c5300000, 0x00000000c5400000|  0%| F|  |TAMS 0x00000000c5300000, 0x00000000c5300000| Untracked 
|  48|0x00000000c5400000, 0x00000000c5400000, 0x00000000c5500000|  0%| F|  |TAMS 0x00000000c5400000, 0x00000000c5400000| Untracked 
|  49|0x00000000c5500000, 0x00000000c5500000, 0x00000000c5600000|  0%| F|  |TAMS 0x00000000c5500000, 0x00000000c5500000| Untracked 
|  50|0x00000000c5600000, 0x00000000c5600000, 0x00000000c5700000|  0%| F|  |TAMS 0x00000000c5600000, 0x00000000c5600000| Untracked 
|  51|0x00000000c5700000, 0x00000000c5700000, 0x00000000c5800000|  0%| F|  |TAMS 0x00000000c5700000, 0x00000000c5700000| Untracked 
|  52|0x00000000c5800000, 0x00000000c5800000, 0x00000000c5900000|  0%| F|  |TAMS 0x00000000c5800000, 0x00000000c5800000| Untracked 
|  53|0x00000000c5900000, 0x00000000c5900000, 0x00000000c5a00000|  0%| F|  |TAMS 0x00000000c5900000, 0x00000000c5900000| Untracked 
|  54|0x00000000c5a00000, 0x00000000c5a00000, 0x00000000c5b00000|  0%| F|  |TAMS 0x00000000c5a00000, 0x00000000c5a00000| Untracked 
|  55|0x00000000c5b00000, 0x00000000c5b00000, 0x00000000c5c00000|  0%| F|  |TAMS 0x00000000c5b00000, 0x00000000c5b00000| Untracked 
|  56|0x00000000c5c00000, 0x00000000c5c00000, 0x00000000c5d00000|  0%| F|  |TAMS 0x00000000c5c00000, 0x00000000c5c00000| Untracked 
|  57|0x00000000c5d00000, 0x00000000c5d00000, 0x00000000c5e00000|  0%| F|  |TAMS 0x00000000c5d00000, 0x00000000c5d00000| Untracked 
|  58|0x00000000c5e00000, 0x00000000c5e00000, 0x00000000c5f00000|  0%| F|  |TAMS 0x00000000c5e00000, 0x00000000c5e00000| Untracked 
|  59|0x00000000c5f00000, 0x00000000c5f00000, 0x00000000c6000000|  0%| F|  |TAMS 0x00000000c5f00000, 0x00000000c5f00000| Untracked 
|  60|0x00000000c6000000, 0x00000000c605ccd0, 0x00000000c6100000| 36%| E|  |TAMS 0x00000000c6000000, 0x00000000c6000000| Complete 
|  61|0x00000000c6100000, 0x00000000c6200000, 0x00000000c6200000|100%| E|CS|TAMS 0x00000000c6100000, 0x00000000c6100000| Complete 

Card table byte_map: [0x0000027a1e720000,0x0000027a1e910000] _byte_map_base: 0x0000027a1e10e000

Marking Bits (Prev, Next): (CMBitMap*) 0x0000027a1e979cc0, (CMBitMap*) 0x0000027a1e979d00
 Prev Bits: [0x0000027a35350000, 0x0000027a362c0000)
 Next Bits: [0x0000027a362c0000, 0x0000027a37230000)

Polling page: 0x0000027a1c750000

Metaspace:

Usage:
  Non-class:    515.28 KB used.
      Class:     49.43 KB used.
       Both:    564.71 KB used.

Virtual space:
  Non-class space:        8.00 MB reserved,     576.00 KB (  7%) committed,  1 nodes.
      Class space:        1.00 GB reserved,     128.00 KB ( <1%) committed,  1 nodes.
             Both:        1.01 GB reserved,     704.00 KB ( <1%) committed. 

Chunk freelists:
   Non-Class:  3.99 MB
       Class:  3.74 MB
        Both:  7.73 MB

MaxMetaspaceSize: unlimited
CompressedClassSpaceSize: 1.00 GB
Initial GC threshold: 21.00 MB
Current GC threshold: 21.00 MB
CDS: on
MetaspaceReclaimPolicy: balanced
 - commit_granule_bytes: 65536.
 - commit_granule_words: 8192.
 - virtual_space_node_default_size: 1048576.
 - enlarge_chunks_in_place: 1.
 - new_chunks_are_fully_committed: 0.
 - uncommit_free_chunks: 1.
 - use_allocation_guard: 0.
 - handle_deallocations: 1.


Internal statistics:

num_allocs_failed_limit: 0.
num_arena_births: 10.
num_arena_deaths: 0.
num_vsnodes_births: 2.
num_vsnodes_deaths: 0.
num_space_committed: 11.
num_space_uncommitted: 0.
num_chunks_returned_to_freelist: 0.
num_chunks_taken_from_freelist: 12.
num_chunk_merges: 0.
num_chunk_splits: 7.
num_chunks_enlarged: 3.
num_purges: 0.
num_inconsistent_stats: 0.

CodeHeap 'non-profiled nmethods': size=120064Kb used=50Kb max_used=50Kb free=120013Kb
 bounds [0x0000027a2dc20000, 0x0000027a2de90000, 0x0000027a35160000]
CodeHeap 'profiled nmethods': size=120000Kb used=202Kb max_used=202Kb free=119797Kb
 bounds [0x0000027a266f0000, 0x0000027a26960000, 0x0000027a2dc20000]
CodeHeap 'non-nmethods': size=5696Kb used=1091Kb max_used=1107Kb free=4604Kb
 bounds [0x0000027a26160000, 0x0000027a263d0000, 0x0000027a266f0000]
 total_blobs=532 nmethods=164 adapters=282
 compilation: enabled
              stopped_count=0, restarted_count=0
 full_count=0

Compilation events (20 events):
Event: 0.769 Thread 0x0000027a395b76b0 nmethod 154 0x0000027a2dc2ae90 code [0x0000027a2dc2b020, 0x0000027a2dc2b0f8]
Event: 0.770 Thread 0x0000027a395b76b0  155       3       java.lang.StringBuilder::append (8 bytes)
Event: 0.770 Thread 0x0000027a395b76b0 nmethod 155 0x0000027a26720590 code [0x0000027a26720720, 0x0000027a26720868]
Event: 0.770 Thread 0x0000027a395b76b0  156       3       java.lang.AbstractStringBuilder::append (45 bytes)
Event: 0.771 Thread 0x0000027a395b76b0 nmethod 156 0x0000027a26720910 code [0x0000027a26720ae0, 0x0000027a26720e28]
Event: 0.776 Thread 0x0000027a395b76b0  157       3       java.util.HashMap::<init> (11 bytes)
Event: 0.777 Thread 0x0000027a395b76b0 nmethod 157 0x0000027a26720f90 code [0x0000027a26721140, 0x0000027a26721318]
Event: 0.777 Thread 0x0000027a395b76b0  158       3       java.util.ImmutableCollections$Set12::iterator (9 bytes)
Event: 0.778 Thread 0x0000027a395b76b0 nmethod 158 0x0000027a26721410 code [0x0000027a267215c0, 0x0000027a267218b8]
Event: 0.778 Thread 0x0000027a395b76b0  159       3       java.util.AbstractSet::<init> (5 bytes)
Event: 0.779 Thread 0x0000027a395b76b0 nmethod 159 0x0000027a26721990 code [0x0000027a26721b40, 0x0000027a26721cf8]
Event: 0.783 Thread 0x0000027a395b76b0  160       3       java.util.HashSet::<init> (16 bytes)
Event: 0.785 Thread 0x0000027a395b76b0 nmethod 160 0x0000027a26721e10 code [0x0000027a26721fe0, 0x0000027a267223f8]
Event: 0.787 Thread 0x0000027a3954a550  161       4       java.util.HashMap::putVal (300 bytes)
Event: 0.795 Thread 0x0000027a395b76b0  163       1       java.lang.module.ModuleDescriptor$Provides::service (5 bytes)
Event: 0.795 Thread 0x0000027a395b76b0 nmethod 163 0x0000027a2dc2b190 code [0x0000027a2dc2b320, 0x0000027a2dc2b3f8]
Event: 0.811 Thread 0x0000027a395b76b0  164       3       java.lang.String::getBytes (46 bytes)
Event: 0.813 Thread 0x0000027a395b76b0 nmethod 164 0x0000027a26722590 code [0x0000027a26722760, 0x0000027a26722a78]
Event: 0.822 Thread 0x0000027a3954a550 nmethod 161 0x0000027a2dc2b490 code [0x0000027a2dc2b680, 0x0000027a2dc2c008]
Event: 0.822 Thread 0x0000027a3954a550  162       4       java.util.HashMap::newNode (13 bytes)

GC Heap History (0 events):
No events

Deoptimization events (4 events):
Event: 0.803 Thread 0x0000027a1e949f00 Uncommon trap: trap_request=0xffffff45 fr.pc=0x0000027a2dc27ff4 relative=0x0000000000000074
Event: 0.804 Thread 0x0000027a1e949f00 Uncommon trap: reason=unstable_if action=reinterpret pc=0x0000027a2dc27ff4 method=java.lang.String.isLatin1()Z @ 10 c2
Event: 0.804 Thread 0x0000027a1e949f00 DEOPT PACKING pc=0x0000027a2dc27ff4 sp=0x000000f3479fee00
Event: 0.804 Thread 0x0000027a1e949f00 DEOPT UNPACKING pc=0x0000027a261b239d sp=0x000000f3479fed40 mode 2

Classes unloaded (0 events):
No events

Classes redefined (0 events):
No events

Internal exceptions (1 events):
Event: 0.631 Thread 0x0000027a1e949f00 Exception <a 'java/lang/NoSuchMethodError'{0x00000000c61c50d8}: 'void java.lang.invoke.DirectMethodHandle$Holder.invokeVirtual(java.lang.Object, java.lang.Object)'> (0x00000000c61c50d8) 
thrown [t:\workspace\open\src\hotspot\share\interpreter\linkResolver.cpp, line 766]

VM Operations (2 events):
Event: 0.735 Executing VM operation: HandshakeAllThreads
Event: 0.735 Executing VM operation: HandshakeAllThreads done

Events (20 events):
Event: 0.605 loading class java/nio/file/DirectoryStream done
Event: 0.605 loading class sun/nio/fs/WindowsDirectoryStream done
Event: 0.606 loading class java/nio/file/FileTreeWalker$DirectoryNode
Event: 0.607 loading class java/nio/file/FileTreeWalker$DirectoryNode done
Event: 0.607 loading class sun/nio/fs/WindowsDirectoryStream$WindowsDirectoryIterator
Event: 0.607 loading class sun/nio/fs/WindowsDirectoryStream$WindowsDirectoryIterator done
Event: 0.607 loading class java/nio/file/FileTreeWalker$Event
Event: 0.607 loading class java/nio/file/FileTreeWalker$Event done
Event: 0.607 loading class java/nio/file/FileTreeWalker$EventType
Event: 0.608 loading class java/nio/file/FileTreeWalker$EventType done
Event: 0.696 loading class sun/nio/fs/WindowsPath$WindowsPathWithAttributes
Event: 0.697 loading class sun/nio/fs/BasicFileAttributesHolder
Event: 0.697 loading class sun/nio/fs/BasicFileAttributesHolder done
Event: 0.697 loading class sun/nio/fs/WindowsPath$WindowsPathWithAttributes done
Event: 0.799 Thread 0x0000027a3a05af90 Thread added: 0x0000027a3a05af90
Event: 0.804 loading class jdk/internal/module/ModuleReferences$ExplodedModuleReader
Event: 0.805 loading class jdk/internal/module/ModuleReferences$ExplodedModuleReader done
Event: 0.805 loading class jdk/internal/module/ModulePatcher$PatchedModuleReader
Event: 0.805 loading class jdk/internal/module/ModulePatcher$PatchedModuleReader done
Event: 0.816 loading class java/util/Scanner


Dynamic libraries:
0x00007ff7705f0000 - 0x00007ff770600000 	C:\Program Files\Java\jdk-17\bin\javaw.exe
0x00007ffbce250000 - 0x00007ffbce445000 	C:\WINDOWS\SYSTEM32\ntdll.dll
0x00007ffbcd890000 - 0x00007ffbcd94e000 	C:\WINDOWS\System32\KERNEL32.DLL
0x00007ffbcbfd0000 - 0x00007ffbcc299000 	C:\WINDOWS\System32\KERNELBASE.dll
0x00007ffbcbbb0000 - 0x00007ffbcbcb0000 	C:\WINDOWS\System32\ucrtbase.dll
0x00007ffbc6db0000 - 0x00007ffbc6dc8000 	C:\Program Files\Java\jdk-17\bin\jli.dll
0x00007ffbcc8e0000 - 0x00007ffbcc98c000 	C:\WINDOWS\System32\ADVAPI32.dll
0x00007ffbcc2a0000 - 0x00007ffbcc33e000 	C:\WINDOWS\System32\msvcrt.dll
0x00007ffbce170000 - 0x00007ffbce20b000 	C:\WINDOWS\System32\sechost.dll
0x00007ffbcddc0000 - 0x00007ffbcdeea000 	C:\WINDOWS\System32\RPCRT4.dll
0x00007ffbcdac0000 - 0x00007ffbcdc61000 	C:\WINDOWS\System32\USER32.dll
0x00007ffbcbfa0000 - 0x00007ffbcbfc2000 	C:\WINDOWS\System32\win32u.dll
0x00007ffbccb60000 - 0x00007ffbccb8b000 	C:\WINDOWS\System32\GDI32.dll
0x00007ffbcbcb0000 - 0x00007ffbcbdbb000 	C:\WINDOWS\System32\gdi32full.dll
0x00007ffbcbea0000 - 0x00007ffbcbf3d000 	C:\WINDOWS\System32\msvcp_win.dll
0x00007ffbc6c50000 - 0x00007ffbc6c6a000 	C:\Program Files\Java\jdk-17\bin\VCRUNTIME140.dll
0x00007ffbba710000 - 0x00007ffbba9aa000 	C:\WINDOWS\WinSxS\amd64_microsoft.windows.common-controls_6595b64144ccf1df_6.0.19041.1110_none_60b5254171f9507e\COMCTL32.dll
0x00007ffbbba10000 - 0x00007ffbbba1a000 	C:\WINDOWS\SYSTEM32\VERSION.dll
0x00007ffbcd800000 - 0x00007ffbcd830000 	C:\WINDOWS\System32\IMM32.DLL
0x00007ffbc6b00000 - 0x00007ffbc6b0c000 	C:\Program Files\Java\jdk-17\bin\vcruntime140_1.dll
0x00007ffba0850000 - 0x00007ffba08dd000 	C:\Program Files\Java\jdk-17\bin\msvcp140.dll
0x00007ffb76ba0000 - 0x00007ffb7775e000 	C:\Program Files\Java\jdk-17\bin\server\jvm.dll
0x00007ffbcdd40000 - 0x00007ffbcdd48000 	C:\WINDOWS\System32\PSAPI.DLL
0x00007ffbb12f0000 - 0x00007ffbb12f9000 	C:\WINDOWS\SYSTEM32\WSOCK32.dll
0x00007ffbcdd50000 - 0x00007ffbcddbb000 	C:\WINDOWS\System32\WS2_32.dll
0x00007ffbb6830000 - 0x00007ffbb6857000 	C:\WINDOWS\SYSTEM32\WINMM.dll
0x00007ffbca460000 - 0x00007ffbca472000 	C:\WINDOWS\SYSTEM32\kernel.appcore.dll
0x00007ffbc6ad0000 - 0x00007ffbc6ada000 	C:\Program Files\Java\jdk-17\bin\jimage.dll
0x00007ffbc9f00000 - 0x00007ffbca0e4000 	C:\WINDOWS\SYSTEM32\DBGHELP.DLL
0x00007ffbbb930000 - 0x00007ffbbb95c000 	C:\WINDOWS\SYSTEM32\dbgcore.DLL
0x00007ffbcbb20000 - 0x00007ffbcbba3000 	C:\WINDOWS\System32\bcryptPrimitives.dll
0x00007ffba5460000 - 0x00007ffba5485000 	C:\Program Files\Java\jdk-17\bin\java.dll
0x00007ffb9a460000 - 0x00007ffb9a536000 	C:\Program Files\Java\jdk-17\bin\svml.dll
0x00007ffbccb90000 - 0x00007ffbcd2cf000 	C:\WINDOWS\System32\SHELL32.dll
0x00007ffbc96a0000 - 0x00007ffbc9e30000 	C:\WINDOWS\SYSTEM32\windows.storage.dll
0x00007ffbcd2d0000 - 0x00007ffbcd625000 	C:\WINDOWS\System32\combase.dll
0x00007ffbcb3c0000 - 0x00007ffbcb3ec000 	C:\WINDOWS\SYSTEM32\Wldp.dll
0x00007ffbccab0000 - 0x00007ffbccb5d000 	C:\WINDOWS\System32\SHCORE.dll
0x00007ffbcc990000 - 0x00007ffbcc9e5000 	C:\WINDOWS\System32\shlwapi.dll
0x00007ffbcb8b0000 - 0x00007ffbcb8cf000 	C:\WINDOWS\SYSTEM32\profapi.dll
0x00007ffbb7760000 - 0x00007ffbb7779000 	C:\Program Files\Java\jdk-17\bin\net.dll
0x00007ffbbb0c0000 - 0x00007ffbbb1c8000 	C:\WINDOWS\SYSTEM32\WINHTTP.dll
0x00007ffbcb120000 - 0x00007ffbcb18a000 	C:\WINDOWS\system32\mswsock.dll
0x00007ffbb72c0000 - 0x00007ffbb72d5000 	C:\Program Files\Java\jdk-17\bin\nio.dll

dbghelp: loaded successfully - version: 4.0.5 - missing functions: none
symbol engine: initialized successfully - sym options: 0x614 - pdb path: .;C:\Program Files\Java\jdk-17\bin;C:\WINDOWS\SYSTEM32;C:\WINDOWS\WinSxS\amd64_microsoft.windows.common-controls_6595b64144ccf1df_6.0.19041.1110_none_60b5254171f9507e;C:\Program Files\Java\jdk-17\bin\server

VM Arguments:
jvm_args: -Dfile.encoding=Cp1252 --module-path=C:\Users\joaov\eclipse-workspace\APDS\Atividades\QuestaoCinema\bin -XX:+ShowCodeDetailsInExceptionMessages -Djdk.module.main=QuestaoCinema 
java_command: QuestaoCinema/apresentacao.Main
java_class_path (initial): <not set>
Launcher Type: SUN_STANDARD

[Global flags]
     intx CICompilerCount                          = 2                                         {product} {ergonomic}
     uint ConcGCThreads                            = 1                                         {product} {ergonomic}
     uint G1ConcRefinementThreads                  = 2                                         {product} {ergonomic}
   size_t G1HeapRegionSize                         = 1048576                                   {product} {ergonomic}
    uintx GCDrainStackTargetSize                   = 64                                        {product} {ergonomic}
   size_t InitialHeapSize                          = 65011712                                  {product} {ergonomic}
   size_t MarkStackSize                            = 4194304                                   {product} {ergonomic}
   size_t MaxHeapSize                              = 1035993088                                {product} {ergonomic}
   size_t MaxNewSize                               = 620756992                                 {product} {ergonomic}
   size_t MinHeapDeltaBytes                        = 1048576                                   {product} {ergonomic}
   size_t MinHeapSize                              = 8388608                                   {product} {ergonomic}
    uintx NonNMethodCodeHeapSize                   = 5826188                                {pd product} {ergonomic}
    uintx NonProfiledCodeHeapSize                  = 122916026                              {pd product} {ergonomic}
    uintx ProfiledCodeHeapSize                     = 122916026                              {pd product} {ergonomic}
    uintx ReservedCodeCacheSize                    = 251658240                              {pd product} {ergonomic}
     bool SegmentedCodeCache                       = true                                      {product} {ergonomic}
     bool ShowCodeDetailsInExceptionMessages       = true                                   {manageable} {command line}
   size_t SoftMaxHeapSize                          = 1035993088                             {manageable} {ergonomic}
     bool UseCompressedClassPointers               = true                           {product lp64_product} {ergonomic}
     bool UseCompressedOops                        = true                           {product lp64_product} {ergonomic}
     bool UseG1GC                                  = true                                      {product} {ergonomic}
     bool UseLargePagesIndividualAllocation        = false                                  {pd product} {ergonomic}

Logging:
Log output configuration:
 #0: stdout all=warning uptime,level,tags
 #1: stderr all=off uptime,level,tags

Environment Variables:
PATH=C:\Program Files\Common Files\Oracle\Java\javapath;C:\Program Files (x86)\Intel\TXE Components\iCLS\;C:\Program Files\Intel\TXE Components\iCLS\;C:\WINDOWS\system32;C:\WINDOWS;C:\WINDOWS\System32\Wbem;C:\WINDOWS\System32\WindowsPowerShell\v1.0\;C:\WINDOWS\System32\OpenSSH\;C:\Program Files\Intel\TXE Components\DAL\;C:\Program Files (x86)\Intel\TXE Components\DAL\;C:\Program Files\Intel\TXE Components\IPT\;C:\Program Files (x86)\Intel\TXE Components\IPT\;C:\Program Files\Git\cmd;C:\Users\joaov\AppData\Local\Microsoft\WindowsApps;;D:\vs code\Microsoft VS Code\bin
USERNAME=joaov
OS=Windows_NT
PROCESSOR_IDENTIFIER=Intel64 Family 6 Model 92 Stepping 9, GenuineIntel



---------------  S Y S T E M  ---------------

OS:
 Windows 10 , 64 bit Build 19041 (10.0.19041.1202)
OS uptime: 0 days 3:06 hours

CPU: total 2 (initial active 2) (2 cores per cpu, 1 threads per core) family 6 model 92 stepping 9 microcode 0x32, cx8, cmov, fxsr, mmx, 3dnowpref, sse, sse2, sse3, ssse3, sse4.1, sse4.2, popcnt, tsc, tscinvbit, aes, erms, clmul, sha, clflush, clflushopt

Memory: 4k page, system-wide physical 3945M (434M free)
TotalPageFile size 6390M (AvailPageFile size 2M)
current process WorkingSet (physical memory assigned to process): 30M, peak: 30M
current process commit charge ("private bytes"): 129M, peak: 129M

vm_info: Java HotSpot(TM) 64-Bit Server VM (17+35-LTS-2724) for windows-amd64 JRE (17+35-LTS-2724), built on Aug  5 2021 23:28:28 by "mach5one" with MS VC++ 16.8 (VS2019)

END.
