#
# There is insufficient memory for the Java Runtime Environment to continue.
# Native memory allocation (mmap) failed to map 65011712 bytes for G1 virtual space
# Possible reasons:
#   The system is out of physical RAM or swap space
#   The process is running with CompressedOops enabled, and the Java Heap may be blocking the growth of the native heap
# Possible solutions:
#   Reduce memory load on the system
#   Increase physical memory or swap space
#   Check if swap backing store is full
#   Decrease Java heap size (-Xmx/-Xms)
#   Decrease number of Java threads
#   Decrease Java thread stack sizes (-Xss)
#   Set larger code cache with -XX:ReservedCodeCacheSize=
#   JVM is running with Unscaled Compressed Oops mode in which the Java heap is
#     placed in the first 4GB address space. The Java Heap base address is the
#     maximum limit for the native heap growth. Please use -XX:HeapBaseMinAddress
#     to set the Java Heap base and to place the Java Heap above 4GB virtual address.
# This output file may be truncated or incomplete.
#
#  Out of Memory Error (os_windows.cpp:3469), pid=2680, tid=2316
#
# JRE version:  (17.0+35) (build )
# Java VM: Java HotSpot(TM) 64-Bit Server VM (17+35-LTS-2724, mixed mode, sharing, tiered, compressed oops, compressed class ptrs, g1 gc, windows-amd64)
# No core dump will be written. Minidumps are not enabled by default on client versions of Windows
#

---------------  S U M M A R Y ------------

Command Line: -Dfile.encoding=Cp1252 --module-path=C:\Users\joaov\eclipse-workspace\APDS\Atividades\questaoCalculadora\bin -XX:+ShowCodeDetailsInExceptionMessages -Djdk.module.main=questaoCalculadora questaoCalculadora/apresentacao.Main

Host: Intel(R) Celeron(R) CPU N3350 @ 1.10GHz, 2 cores, 3G,  Windows 10 , 64 bit Build 19041 (10.0.19041.1202)
Time: Fri Oct 29 13:28:03 2021 Hora Padrão de Buenos Aires elapsed time: 0.119304 seconds (0d 0h 0m 0s)

---------------  T H R E A D  ---------------

Current thread (0x0000027b222a9d50):  JavaThread "Unknown thread" [_thread_in_vm, id=2316, stack(0x0000008875c00000,0x0000008875d00000)]

Stack: [0x0000008875c00000,0x0000008875d00000]
Native frames: (J=compiled Java code, j=interpreted, Vv=VM code, C=native code)
V  [jvm.dll+0x66f8ea]
V  [jvm.dll+0x7ce224]
V  [jvm.dll+0x7cf9ce]
V  [jvm.dll+0x7d0033]
V  [jvm.dll+0x242bb5]
V  [jvm.dll+0x66c909]
V  [jvm.dll+0x6613d2]
V  [jvm.dll+0x30082b]
V  [jvm.dll+0x307db6]
V  [jvm.dll+0x357a0e]
V  [jvm.dll+0x357c3f]
V  [jvm.dll+0x2d7ae8]
V  [jvm.dll+0x2d8a54]
V  [jvm.dll+0x7a00a1]
V  [jvm.dll+0x365781]
V  [jvm.dll+0x77f59c]
V  [jvm.dll+0x3e805f]
V  [jvm.dll+0x3e9b01]
C  [jli.dll+0x527b]
C  [ucrtbase.dll+0x21bb2]
C  [KERNEL32.DLL+0x17034]
C  [ntdll.dll+0x52651]


---------------  P R O C E S S  ---------------

Threads class SMR info:
_java_thread_list=0x00007ffe3bd47818, length=0, elements={
}

Java Threads: ( => current thread )

Other Threads:
  0x0000027b222d8660 GCTaskThread "GC Thread#0" [stack: 0x0000008875d00000,0x0000008875e00000] [id=8284]
  0x0000027b222e2040 ConcurrentGCThread "G1 Main Marker" [stack: 0x0000008875e00000,0x0000008875f00000] [id=3328]
  0x0000027b222e3240 ConcurrentGCThread "G1 Conc#0" [stack: 0x0000008875f00000,0x0000008876000000] [id=8868]

[error occurred during error reporting (printing all threads), id 0xc0000005, EXCEPTION_ACCESS_VIOLATION (0xc0000005) at pc=0x00007ffe3b5984c7]

VM state: not at safepoint (not fully initialized)

VM Mutex/Monitor currently owned by a thread:  ([mutex/lock_event])
[0x0000027b222a62f0] Heap_lock - owner thread: 0x0000027b222a9d50

Heap address: 0x00000000c2400000, size: 988 MB, Compressed Oops mode: 32-bit

CDS archive(s) mapped at: [0x0000000000000000-0x0000000000000000-0x0000000000000000), size 0, SharedBaseAddress: 0x0000000800000000, ArchiveRelocationMode: 0.
Narrow klass base: 0x0000000000000000, Narrow klass shift: 0, Narrow klass range: 0x0

GC Precious Log:
<Empty>

Heap:
 garbage-first heap   total 0K, used 0K [0x00000000c2400000, 0x0000000100000000)
  region size 1024K, 0 young (0K), 0 survivors (0K)

[error occurred during error reporting (printing heap information), id 0xc0000005, EXCEPTION_ACCESS_VIOLATION (0xc0000005) at pc=0x00007ffe3b978c59]

GC Heap History (0 events):
No events

Deoptimization events (0 events):
No events

Classes unloaded (0 events):
No events

Classes redefined (0 events):
No events

Internal exceptions (0 events):
No events

VM Operations (0 events):
No events

Events (1 events):
Event: 0.020 Loaded shared library C:\Program Files\Java\jdk-17\bin\java.dll


Dynamic libraries:
0x00007ff7b7000000 - 0x00007ff7b7010000 	C:\Program Files\Java\jdk-17\bin\javaw.exe
0x00007ffe8f6d0000 - 0x00007ffe8f8c5000 	C:\WINDOWS\SYSTEM32\ntdll.dll
0x00007ffe8f060000 - 0x00007ffe8f11e000 	C:\WINDOWS\System32\KERNEL32.DLL
0x00007ffe8d160000 - 0x00007ffe8d429000 	C:\WINDOWS\System32\KERNELBASE.dll
0x00007ffe8d000000 - 0x00007ffe8d100000 	C:\WINDOWS\System32\ucrtbase.dll
0x00007ffe86f10000 - 0x00007ffe86f28000 	C:\Program Files\Java\jdk-17\bin\jli.dll
0x00007ffe8f2b0000 - 0x00007ffe8f35c000 	C:\WINDOWS\System32\ADVAPI32.dll
0x00007ffe8eb40000 - 0x00007ffe8ebde000 	C:\WINDOWS\System32\msvcrt.dll
0x00007ffe8d970000 - 0x00007ffe8da0b000 	C:\WINDOWS\System32\sechost.dll
0x00007ffe8e150000 - 0x00007ffe8e27a000 	C:\WINDOWS\System32\RPCRT4.dll
0x00007ffe8d7c0000 - 0x00007ffe8d961000 	C:\WINDOWS\System32\USER32.dll
0x00007ffe8d130000 - 0x00007ffe8d152000 	C:\WINDOWS\System32\win32u.dll
0x00007ffe8d730000 - 0x00007ffe8d75b000 	C:\WINDOWS\System32\GDI32.dll
0x00007ffe8d430000 - 0x00007ffe8d53b000 	C:\WINDOWS\System32\gdi32full.dll
0x00007ffe8d630000 - 0x00007ffe8d6cd000 	C:\WINDOWS\System32\msvcp_win.dll
0x00007ffe64210000 - 0x00007ffe6422a000 	C:\Program Files\Java\jdk-17\bin\VCRUNTIME140.dll
0x00007ffe7b7d0000 - 0x00007ffe7ba6a000 	C:\WINDOWS\WinSxS\amd64_microsoft.windows.common-controls_6595b64144ccf1df_6.0.19041.1110_none_60b5254171f9507e\COMCTL32.dll
0x00007ffe7c730000 - 0x00007ffe7c73a000 	C:\WINDOWS\SYSTEM32\VERSION.dll
0x00007ffe8e7e0000 - 0x00007ffe8e810000 	C:\WINDOWS\System32\IMM32.DLL
0x00007ffe880c0000 - 0x00007ffe880cc000 	C:\Program Files\Java\jdk-17\bin\vcruntime140_1.dll
0x00007ffe62450000 - 0x00007ffe624dd000 	C:\Program Files\Java\jdk-17\bin\msvcp140.dll
0x00007ffe3b2b0000 - 0x00007ffe3be6e000 	C:\Program Files\Java\jdk-17\bin\server\jvm.dll
0x00007ffe8eb10000 - 0x00007ffe8eb18000 	C:\WINDOWS\System32\PSAPI.DLL
0x00007ffe73b40000 - 0x00007ffe73b49000 	C:\WINDOWS\SYSTEM32\WSOCK32.dll
0x00007ffe8e770000 - 0x00007ffe8e7db000 	C:\WINDOWS\System32\WS2_32.dll
0x00007ffe79cf0000 - 0x00007ffe79d17000 	C:\WINDOWS\SYSTEM32\WINMM.dll
0x00007ffe8b8e0000 - 0x00007ffe8b8f2000 	C:\WINDOWS\SYSTEM32\kernel.appcore.dll
0x00007ffe86dc0000 - 0x00007ffe86dca000 	C:\Program Files\Java\jdk-17\bin\jimage.dll
0x00007ffe8b380000 - 0x00007ffe8b564000 	C:\WINDOWS\SYSTEM32\DBGHELP.DLL
0x00007ffe7c360000 - 0x00007ffe7c38c000 	C:\WINDOWS\SYSTEM32\dbgcore.DLL
0x00007ffe8d5a0000 - 0x00007ffe8d623000 	C:\WINDOWS\System32\bcryptPrimitives.dll
0x00007ffe43c20000 - 0x00007ffe43c45000 	C:\Program Files\Java\jdk-17\bin\java.dll

dbghelp: loaded successfully - version: 4.0.5 - missing functions: none
symbol engine: initialized successfully - sym options: 0x614 - pdb path: .;C:\Program Files\Java\jdk-17\bin;C:\WINDOWS\SYSTEM32;C:\WINDOWS\WinSxS\amd64_microsoft.windows.common-controls_6595b64144ccf1df_6.0.19041.1110_none_60b5254171f9507e;C:\Program Files\Java\jdk-17\bin\server

VM Arguments:
jvm_args: -Dfile.encoding=Cp1252 --module-path=C:\Users\joaov\eclipse-workspace\APDS\Atividades\questaoCalculadora\bin -XX:+ShowCodeDetailsInExceptionMessages -Djdk.module.main=questaoCalculadora 
java_command: questaoCalculadora/apresentacao.Main
java_class_path (initial): <not set>
Launcher Type: SUN_STANDARD

[Global flags]
     intx CICompilerCount                          = 2                                         {product} {ergonomic}
     uint ConcGCThreads                            = 1                                         {product} {ergonomic}
     uint G1ConcRefinementThreads                  = 2                                         {product} {ergonomic}
   size_t G1HeapRegionSize                         = 1048576                                   {product} {ergonomic}
    uintx GCDrainStackTargetSize                   = 64                                        {product} {ergonomic}
   size_t InitialHeapSize                          = 65011712                                  {product} {ergonomic}
   size_t MarkStackSize                            = 4194304                                   {product} {ergonomic}
   size_t MaxHeapSize                              = 1035993088                                {product} {ergonomic}
   size_t MinHeapDeltaBytes                        = 1048576                                   {product} {ergonomic}
   size_t MinHeapSize                              = 8388608                                   {product} {ergonomic}
    uintx NonNMethodCodeHeapSize                   = 5826188                                {pd product} {ergonomic}
    uintx NonProfiledCodeHeapSize                  = 122916026                              {pd product} {ergonomic}
    uintx ProfiledCodeHeapSize                     = 122916026                              {pd product} {ergonomic}
    uintx ReservedCodeCacheSize                    = 251658240                              {pd product} {ergonomic}
     bool SegmentedCodeCache                       = true                                      {product} {ergonomic}
     bool ShowCodeDetailsInExceptionMessages       = true                                   {manageable} {command line}
   size_t SoftMaxHeapSize                          = 1035993088                             {manageable} {ergonomic}
     bool UseCompressedClassPointers               = true                           {product lp64_product} {ergonomic}
     bool UseCompressedOops                        = true                           {product lp64_product} {ergonomic}
     bool UseG1GC                                  = true                                      {product} {ergonomic}
     bool UseLargePagesIndividualAllocation        = false                                  {pd product} {ergonomic}

Logging:
Log output configuration:
 #0: stdout all=warning uptime,level,tags
 #1: stderr all=off uptime,level,tags

Environment Variables:
PATH=C:\Program Files\Common Files\Oracle\Java\javapath;C:\Program Files (x86)\Intel\TXE Components\iCLS\;C:\Program Files\Intel\TXE Components\iCLS\;C:\WINDOWS\system32;C:\WINDOWS;C:\WINDOWS\System32\Wbem;C:\WINDOWS\System32\WindowsPowerShell\v1.0\;C:\WINDOWS\System32\OpenSSH\;C:\Program Files\Intel\TXE Components\DAL\;C:\Program Files (x86)\Intel\TXE Components\DAL\;C:\Program Files\Intel\TXE Components\IPT\;C:\Program Files (x86)\Intel\TXE Components\IPT\;C:\Program Files\Git\cmd;C:\Users\joaov\AppData\Local\Microsoft\WindowsApps;;D:\vs code\Microsoft VS Code\bin
USERNAME=joaov
OS=Windows_NT
PROCESSOR_IDENTIFIER=Intel64 Family 6 Model 92 Stepping 9, GenuineIntel



---------------  S Y S T E M  ---------------

OS:
 Windows 10 , 64 bit Build 19041 (10.0.19041.1202)
OS uptime: 0 days 0:19 hours

CPU: total 2 (initial active 2) (2 cores per cpu, 1 threads per core) family 6 model 92 stepping 9 microcode 0x32, cx8, cmov, fxsr, mmx, 3dnowpref, sse, sse2, sse3, ssse3, sse4.1, sse4.2, popcnt, tsc, tscinvbit, aes, erms, clmul, sha, clflush, clflushopt

Memory: 4k page, system-wide physical 3945M (511M free)
TotalPageFile size 6246M (AvailPageFile size 8M)
current process WorkingSet (physical memory assigned to process): 9M, peak: 9M
current process commit charge ("private bytes"): 47M, peak: 109M

vm_info: Java HotSpot(TM) 64-Bit Server VM (17+35-LTS-2724) for windows-amd64 JRE (17+35-LTS-2724), built on Aug  5 2021 23:28:28 by "mach5one" with MS VC++ 16.8 (VS2019)

END.
