#
# There is insufficient memory for the Java Runtime Environment to continue.
# Native memory allocation (mmap) failed to map 65011712 bytes for G1 virtual space
# Possible reasons:
#   The system is out of physical RAM or swap space
#   The process is running with CompressedOops enabled, and the Java Heap may be blocking the growth of the native heap
# Possible solutions:
#   Reduce memory load on the system
#   Increase physical memory or swap space
#   Check if swap backing store is full
#   Decrease Java heap size (-Xmx/-Xms)
#   Decrease number of Java threads
#   Decrease Java thread stack sizes (-Xss)
#   Set larger code cache with -XX:ReservedCodeCacheSize=
#   JVM is running with Unscaled Compressed Oops mode in which the Java heap is
#     placed in the first 4GB address space. The Java Heap base address is the
#     maximum limit for the native heap growth. Please use -XX:HeapBaseMinAddress
#     to set the Java Heap base and to place the Java Heap above 4GB virtual address.
# This output file may be truncated or incomplete.
#
#  Out of Memory Error (os_windows.cpp:3469), pid=4892, tid=10676
#
# JRE version:  (17.0+35) (build )
# Java VM: Java HotSpot(TM) 64-Bit Server VM (17+35-LTS-2724, mixed mode, sharing, tiered, compressed oops, compressed class ptrs, g1 gc, windows-amd64)
# No core dump will be written. Minidumps are not enabled by default on client versions of Windows
#

---------------  S U M M A R Y ------------

Command Line: -Dfile.encoding=Cp1252 --module-path=C:\Users\joaov\eclipse-workspace\APDS\Atividades\QuestaoPlaylist\bin -XX:+ShowCodeDetailsInExceptionMessages -Djdk.module.main=QuestaoPlaylist QuestaoPlaylist/apresentacao.Main

Host: Intel(R) Celeron(R) CPU N3350 @ 1.10GHz, 2 cores, 3G,  Windows 10 , 64 bit Build 19041 (10.0.19041.1202)
Time: Sat Oct 30 10:27:16 2021 Hora Padrão de Buenos Aires elapsed time: 0.130130 seconds (0d 0h 0m 0s)

---------------  T H R E A D  ---------------

Current thread (0x0000014999ca9f90):  JavaThread "Unknown thread" [_thread_in_vm, id=10676, stack(0x0000002547d00000,0x0000002547e00000)]

Stack: [0x0000002547d00000,0x0000002547e00000]
Native frames: (J=compiled Java code, j=interpreted, Vv=VM code, C=native code)
V  [jvm.dll+0x66f8ea]
V  [jvm.dll+0x7ce224]
V  [jvm.dll+0x7cf9ce]
V  [jvm.dll+0x7d0033]
V  [jvm.dll+0x242bb5]
V  [jvm.dll+0x66c909]
V  [jvm.dll+0x6613d2]
V  [jvm.dll+0x30082b]
V  [jvm.dll+0x307db6]
V  [jvm.dll+0x357a0e]
V  [jvm.dll+0x357c3f]
V  [jvm.dll+0x2d7ae8]
V  [jvm.dll+0x2d8a54]
V  [jvm.dll+0x7a00a1]
V  [jvm.dll+0x365781]
V  [jvm.dll+0x77f59c]
V  [jvm.dll+0x3e805f]
V  [jvm.dll+0x3e9b01]
C  [jli.dll+0x527b]
C  [ucrtbase.dll+0x21bb2]
C  [KERNEL32.DLL+0x17034]
C  [ntdll.dll+0x52651]


---------------  P R O C E S S  ---------------

Threads class SMR info:
_java_thread_list=0x00007fffe70e7818, length=0, elements={
}

Java Threads: ( => current thread )

Other Threads:
  0x0000014999cd8820 GCTaskThread "GC Thread#0" [stack: 0x0000002547e00000,0x0000002547f00000] [id=11216]
  0x0000014999ce2200 ConcurrentGCThread "G1 Main Marker" [stack: 0x0000002547f00000,0x0000002548000000] [id=508]
  0x0000014999ce3400 ConcurrentGCThread "G1 Conc#0" [stack: 0x0000002548000000,0x0000002548100000] [id=9624]

[error occurred during error reporting (printing all threads), id 0xc0000005, EXCEPTION_ACCESS_VIOLATION (0xc0000005) at pc=0x00007fffe69384c7]

VM state: not at safepoint (not fully initialized)

VM Mutex/Monitor currently owned by a thread:  ([mutex/lock_event])
[0x0000014999ca4eb0] Heap_lock - owner thread: 0x0000014999ca9f90

Heap address: 0x00000000c2400000, size: 988 MB, Compressed Oops mode: 32-bit

CDS archive(s) mapped at: [0x0000000000000000-0x0000000000000000-0x0000000000000000), size 0, SharedBaseAddress: 0x0000000800000000, ArchiveRelocationMode: 0.
Narrow klass base: 0x0000000000000000, Narrow klass shift: 0, Narrow klass range: 0x0

GC Precious Log:
<Empty>

Heap:
 garbage-first heap   total 0K, used 0K [0x00000000c2400000, 0x0000000100000000)
  region size 1024K, 0 young (0K), 0 survivors (0K)

[error occurred during error reporting (printing heap information), id 0xc0000005, EXCEPTION_ACCESS_VIOLATION (0xc0000005) at pc=0x00007fffe6d18c59]

GC Heap History (0 events):
No events

Deoptimization events (0 events):
No events

Classes unloaded (0 events):
No events

Classes redefined (0 events):
No events

Internal exceptions (0 events):
No events

VM Operations (0 events):
No events

Events (1 events):
Event: 0.056 Loaded shared library C:\Program Files\Java\jdk-17\bin\java.dll


Dynamic libraries:
0x00007ff799e20000 - 0x00007ff799e30000 	C:\Program Files\Java\jdk-17\bin\javaw.exe
0x00007ff83dd90000 - 0x00007ff83df85000 	C:\WINDOWS\SYSTEM32\ntdll.dll
0x00007ff83d420000 - 0x00007ff83d4de000 	C:\WINDOWS\System32\KERNEL32.DLL
0x00007ff83b770000 - 0x00007ff83ba39000 	C:\WINDOWS\System32\KERNELBASE.dll
0x00007ff83b4b0000 - 0x00007ff83b5b0000 	C:\WINDOWS\System32\ucrtbase.dll
0x00007ff829700000 - 0x00007ff829718000 	C:\Program Files\Java\jdk-17\bin\jli.dll
0x00007ff83c060000 - 0x00007ff83c10c000 	C:\WINDOWS\System32\ADVAPI32.dll
0x00007ff83c470000 - 0x00007ff83c50e000 	C:\WINDOWS\System32\msvcrt.dll
0x00007ff83bf30000 - 0x00007ff83bfcb000 	C:\WINDOWS\System32\sechost.dll
0x00007ff83ce40000 - 0x00007ff83cf6a000 	C:\WINDOWS\System32\RPCRT4.dll
0x00007ff83d1b0000 - 0x00007ff83d351000 	C:\WINDOWS\System32\USER32.dll
0x00007ff83ba40000 - 0x00007ff83ba62000 	C:\WINDOWS\System32\win32u.dll
0x00007ff83ce10000 - 0x00007ff83ce3b000 	C:\WINDOWS\System32\GDI32.dll
0x00007ff83bcd0000 - 0x00007ff83bddb000 	C:\WINDOWS\System32\gdi32full.dll
0x00007ff83ba70000 - 0x00007ff83bb0d000 	C:\WINDOWS\System32\msvcp_win.dll
0x00007ff827600000 - 0x00007ff82761a000 	C:\Program Files\Java\jdk-17\bin\VCRUNTIME140.dll
0x00007ff829ad0000 - 0x00007ff829d6a000 	C:\WINDOWS\WinSxS\amd64_microsoft.windows.common-controls_6595b64144ccf1df_6.0.19041.1110_none_60b5254171f9507e\COMCTL32.dll
0x00007ff82aa60000 - 0x00007ff82aa6a000 	C:\WINDOWS\SYSTEM32\VERSION.dll
0x00007ff83d120000 - 0x00007ff83d150000 	C:\WINDOWS\System32\IMM32.DLL
0x00007ff835ed0000 - 0x00007ff835edc000 	C:\Program Files\Java\jdk-17\bin\vcruntime140_1.dll
0x00007ff822c50000 - 0x00007ff822cdd000 	C:\Program Files\Java\jdk-17\bin\msvcp140.dll
0x00007fffe6650000 - 0x00007fffe720e000 	C:\Program Files\Java\jdk-17\bin\server\jvm.dll
0x00007ff83c050000 - 0x00007ff83c058000 	C:\WINDOWS\System32\PSAPI.DLL
0x00007ff8216d0000 - 0x00007ff8216d9000 	C:\WINDOWS\SYSTEM32\WSOCK32.dll
0x00007ff83d6f0000 - 0x00007ff83d75b000 	C:\WINDOWS\System32\WS2_32.dll
0x00007ff8251d0000 - 0x00007ff8251f7000 	C:\WINDOWS\SYSTEM32\WINMM.dll
0x00007ff839fa0000 - 0x00007ff839fb2000 	C:\WINDOWS\SYSTEM32\kernel.appcore.dll
0x00007ff834980000 - 0x00007ff83498a000 	C:\Program Files\Java\jdk-17\bin\jimage.dll
0x00007ff839a40000 - 0x00007ff839c24000 	C:\WINDOWS\SYSTEM32\DBGHELP.DLL
0x00007ff82ae30000 - 0x00007ff82ae5c000 	C:\WINDOWS\SYSTEM32\dbgcore.DLL
0x00007ff83b6e0000 - 0x00007ff83b763000 	C:\WINDOWS\System32\bcryptPrimitives.dll
0x00007ff827370000 - 0x00007ff827395000 	C:\Program Files\Java\jdk-17\bin\java.dll

dbghelp: loaded successfully - version: 4.0.5 - missing functions: none
symbol engine: initialized successfully - sym options: 0x614 - pdb path: .;C:\Program Files\Java\jdk-17\bin;C:\WINDOWS\SYSTEM32;C:\WINDOWS\WinSxS\amd64_microsoft.windows.common-controls_6595b64144ccf1df_6.0.19041.1110_none_60b5254171f9507e;C:\Program Files\Java\jdk-17\bin\server

VM Arguments:
jvm_args: -Dfile.encoding=Cp1252 --module-path=C:\Users\joaov\eclipse-workspace\APDS\Atividades\QuestaoPlaylist\bin -XX:+ShowCodeDetailsInExceptionMessages -Djdk.module.main=QuestaoPlaylist 
java_command: QuestaoPlaylist/apresentacao.Main
java_class_path (initial): <not set>
Launcher Type: SUN_STANDARD

[Global flags]
     intx CICompilerCount                          = 2                                         {product} {ergonomic}
     uint ConcGCThreads                            = 1                                         {product} {ergonomic}
     uint G1ConcRefinementThreads                  = 2                                         {product} {ergonomic}
   size_t G1HeapRegionSize                         = 1048576                                   {product} {ergonomic}
    uintx GCDrainStackTargetSize                   = 64                                        {product} {ergonomic}
   size_t InitialHeapSize                          = 65011712                                  {product} {ergonomic}
   size_t MarkStackSize                            = 4194304                                   {product} {ergonomic}
   size_t MaxHeapSize                              = 1035993088                                {product} {ergonomic}
   size_t MinHeapDeltaBytes                        = 1048576                                   {product} {ergonomic}
   size_t MinHeapSize                              = 8388608                                   {product} {ergonomic}
    uintx NonNMethodCodeHeapSize                   = 5826188                                {pd product} {ergonomic}
    uintx NonProfiledCodeHeapSize                  = 122916026                              {pd product} {ergonomic}
    uintx ProfiledCodeHeapSize                     = 122916026                              {pd product} {ergonomic}
    uintx ReservedCodeCacheSize                    = 251658240                              {pd product} {ergonomic}
     bool SegmentedCodeCache                       = true                                      {product} {ergonomic}
     bool ShowCodeDetailsInExceptionMessages       = true                                   {manageable} {command line}
   size_t SoftMaxHeapSize                          = 1035993088                             {manageable} {ergonomic}
     bool UseCompressedClassPointers               = true                           {product lp64_product} {ergonomic}
     bool UseCompressedOops                        = true                           {product lp64_product} {ergonomic}
     bool UseG1GC                                  = true                                      {product} {ergonomic}
     bool UseLargePagesIndividualAllocation        = false                                  {pd product} {ergonomic}

Logging:
Log output configuration:
 #0: stdout all=warning uptime,level,tags
 #1: stderr all=off uptime,level,tags

Environment Variables:
PATH=C:\Program Files\Common Files\Oracle\Java\javapath;C:\Program Files (x86)\Intel\TXE Components\iCLS\;C:\Program Files\Intel\TXE Components\iCLS\;C:\WINDOWS\system32;C:\WINDOWS;C:\WINDOWS\System32\Wbem;C:\WINDOWS\System32\WindowsPowerShell\v1.0\;C:\WINDOWS\System32\OpenSSH\;C:\Program Files\Intel\TXE Components\DAL\;C:\Program Files (x86)\Intel\TXE Components\DAL\;C:\Program Files\Intel\TXE Components\IPT\;C:\Program Files (x86)\Intel\TXE Components\IPT\;C:\Program Files\Git\cmd;C:\Users\joaov\AppData\Local\Microsoft\WindowsApps;;D:\vs code\Microsoft VS Code\bin
USERNAME=joaov
OS=Windows_NT
PROCESSOR_IDENTIFIER=Intel64 Family 6 Model 92 Stepping 9, GenuineIntel



---------------  S Y S T E M  ---------------

OS:
 Windows 10 , 64 bit Build 19041 (10.0.19041.1202)
OS uptime: 0 days 1:47 hours

CPU: total 2 (initial active 2) (2 cores per cpu, 1 threads per core) family 6 model 92 stepping 9 microcode 0x32, cx8, cmov, fxsr, mmx, 3dnowpref, sse, sse2, sse3, ssse3, sse4.1, sse4.2, popcnt, tsc, tscinvbit, aes, erms, clmul, sha, clflush, clflushopt

Memory: 4k page, system-wide physical 3945M (430M free)
TotalPageFile size 6345M (AvailPageFile size 37M)
current process WorkingSet (physical memory assigned to process): 9M, peak: 9M
current process commit charge ("private bytes"): 47M, peak: 109M

vm_info: Java HotSpot(TM) 64-Bit Server VM (17+35-LTS-2724) for windows-amd64 JRE (17+35-LTS-2724), built on Aug  5 2021 23:28:28 by "mach5one" with MS VC++ 16.8 (VS2019)

END.
